<?xml version="1.0" encoding="UTF-8" standalone="yes"?>
<!DOCTYPE report PUBLIC "-//JACOCO//DTD Report 1.1//EN" "report.dtd">
<report name="test-project-low">
  <package name="com/example">
    <class name="com/example/Service" sourcefilename="Service.java">
      <method name="process" desc="()V" line="5">
        <counter type="INSTRUCTION" missed="8" covered="2"/>
        <counter type="LINE" missed="4" covered="1"/>
        <counter type="COMPLEXITY" missed="2" covered="1"/>
        <counter type="METHOD" missed="0" covered="1"/>
      </method>
      <method name="validate" desc="()Z" line="15">
        <counter type="INSTRUCTION" missed="10" covered="0"/>
        <counter type="LINE" missed="5" covered="0"/>
        <counter type="COMPLEXITY" missed="2" covered="0"/>
        <counter type="METHOD" missed="1" covered="0"/>
      </method>
      <counter type="INSTRUCTION" missed="18" covered="2"/>
      <counter type="LINE" missed="9" covered="1"/>
      <counter type="COMPLEXITY" missed="4" covered="1"/>
      <counter type="METHOD" missed="1" covered="1"/>
      <counter type="CLASS" missed="0" covered="1"/>
    </class>
    <sourcefile name="Service.java">
      <line nr="5" mi="0" ci="1" mb="0" cb="0"/>
      <line nr="6" mi="2" ci="1" mb="0" cb="0"/>
      <line nr="7" mi="3" ci="0" mb="0" cb="0"/>
      <line nr="8" mi="3" ci="0" mb="0" cb="0"/>
      <line nr="15" mi="3" ci="0" mb="0" cb="0"/>
      <counter type="INSTRUCTION" missed="18" covered="2"/>
      <counter type="LINE" missed="9" covered="1"/>
      <counter type="COMPLEXITY" missed="4" covered="1"/>
      <counter type="METHOD" missed="1" covered="1"/>
      <counter type="CLASS" missed="0" covered="1"/>
    </sourcefile>
    <counter type="INSTRUCTION" missed="18" covered="2"/>
    <counter type="LINE" missed="9" covered="1"/>
    <counter type="COMPLEXITY" missed="4" covered="1"/>
    <counter type="METHOD" missed="1" covered="1"/>
    <counter type="CLASS" missed="0" covered="1"/>
  </package>
  <counter type="INSTRUCTION" missed="18" covered="2"/>
  <counter type="LINE" missed="9" covered="1"/>
  <counter type="COMPLEXITY" missed="4" covered="1"/>
  <counter type="METHOD" missed="1" covered="1"/>
  <counter type="CLASS" missed="0" covered="1"/>
</report>
