<?xml version="1.0" encoding="UTF-8" standalone="yes"?>
<!DOCTYPE report PUBLIC "-//JACOCO//DTD Report 1.1//EN" "report.dtd">
<report name="test">
  <package name="com/example">
    <class name="com/example/Calculator" sourcefilename="Calculator.java">
      <method name="add" desc="(II)I" line="5">
        <counter type="INSTRUCTION" missed="0" covered="4"/>
        <counter type="LINE" missed="0" covered="2"/>
        <counter type="COMPLEXITY" missed="0" covered="1"/>
        <counter type="METHOD" missed="0" covered="1"/>
      </method>
      <counter type="INSTRUCTION" missed="0" covered="4"/>
      <counter type="LINE" missed="0" covered="2"/>
      <counter type="COMPLEXITY" missed="0" covered="1"/>
      <counter type="METHOD" missed="0" covered="1"/>
      <counter type="CLASS" missed="0" covered="1"/>
    </class>
    <sourcefile name="Calculator.java">
      <line nr="5" mi="0" ci="1" mb="0" cb="0"/>
      <line nr="6" mi="0" ci="3" mb="0" cb="0"/>
      <counter type="INSTRUCTION" missed="0" covered="4"/>
      <counter type="LINE" missed="0" covered="2"/>
      <counter type="COMPLEXITY" missed="0" covered="1"/>
      <counter type="METHOD" missed="0" covered="1"/>
      <counter type="CLASS" missed="0" covered="1"/>
    </sourcefile>
    <counter type="INSTRUCTION" missed="0" covered="4"/>
    <counter type="LINE" missed="0" covered="2"/>
    <counter type="COMPLEXITY" missed="0" covered="1"/>
    <counter type="METHOD" missed="0" covered="1"/>
    <counter type="CLASS" missed="0" covered="1"/>
  </package>
  <counter type="INSTRUCTION" missed="0" covered="4"/>
  <counter type="LINE" missed="0" covered="2"/>
  <counter type="COMPLEXITY" missed="0" covered="1"/>
  <counter type="METHOD" missed="0" covered="1"/>
  <counter type="CLASS" missed="0" covered="1"/>
</report>
